[debug] [2021-11-27T22:29:36.002Z] ----------------------------------------------------------------------
[debug] [2021-11-27T22:29:36.009Z] Command:       C:\Program Files\nodejs\node.exe C:\Users\BANDOH J\AppData\Roaming\npm\node_modules\firebase-tools\lib\bin\firebase.js init
[debug] [2021-11-27T22:29:36.010Z] CLI Version:   9.23.0
[debug] [2021-11-27T22:29:36.010Z] Platform:      win32
[debug] [2021-11-27T22:29:36.011Z] Node Version:  v14.17.6
[debug] [2021-11-27T22:29:36.013Z] Time:          Sat Nov 27 2021 14:29:36 GMT-0800 (Pacific Standard Time)
[debug] [2021-11-27T22:29:36.014Z] ----------------------------------------------------------------------
[debug] 
[debug] [2021-11-27T22:29:36.038Z] > command requires scopes: ["email","openid","https://www.googleapis.com/auth/cloudplatformprojects.readonly","https://www.googleapis.com/auth/firebase","https://www.googleapis.com/auth/cloud-platform"]
[debug] [2021-11-27T22:29:36.039Z] > authorizing via signed-in user (josephbandoh941@gmail.com)
[info] 
     ######## #### ########  ######## ########     ###     ######  ########
     ##        ##  ##     ## ##       ##     ##  ##   ##  ##       ##
     ######    ##  ########  ######   ########  #########  ######  ######
     ##        ##  ##    ##  ##       ##     ## ##     ##       ## ##
     ##       #### ##     ## ######## ########  ##     ##  ######  ########

You're about to initialize a Firebase project in this directory:

  C:\Users\BANDOH J\Desktop\sb\sticky-footer

[info] 
=== Project Setup
[info] 
[info] First, let's associate this project directory with a Firebase project.
[info] You can create multiple project aliases by running firebase use --add, 
[info] but for now we'll just set up a default project.
[info] 
[debug] [2021-11-27T22:30:30.441Z] >>> [apiv2][query] GET https://firebase.googleapis.com/v1beta1/projects pageSize=100
[debug] [2021-11-27T22:30:34.010Z] <<< [apiv2][status] GET https://firebase.googleapis.com/v1beta1/projects 200
[debug] [2021-11-27T22:30:34.011Z] <<< [apiv2][body] GET https://firebase.googleapis.com/v1beta1/projects [omitted]
[info] i  Using project sportybet-13e5a (sportybet) 
[info] 
=== Hosting Setup
[info] 
[info] Your public directory is the folder (relative to your project directory) that
[info] will contain Hosting assets to be uploaded with firebase deploy. If you
[info] have a build process for your assets, use your build's output directory.
[info] 
